<?xml version="1.0"?>
<testsuite name="Chrome 140.0.0.0 (Windows 10)" package="unit" timestamp="2025-09-21T18:12:57" id="0" hostname="Rich-Think" tests="32" errors="0" failures="0" time="0.911">
  <properties>
    <property name="browser.fullName" value="Mozilla/5.0 (Windows NT 10.0; Win64; x64) AppleWebKit/537.36 (KHTML, like Gecko) Chrome/140.0.0.0 Safari/537.36"/>
  </properties>
  <testcase name="AuthGuard should allow activation when logged in" time="0.02" classname=".AuthGuard"/>
  <testcase name="AuthGuard should redirect to login with returnUrl when not logged in" time="0.007" classname=".AuthGuard"/>
  <testcase name="AuthGuard should allow load when logged in" time="0.004" classname=".AuthGuard"/>
  <testcase name="AuthGuard should block load when not logged in" time="0.005" classname=".AuthGuard"/>
  <testcase name="YourService put should make a PUT request with the correct URL and data" time="0.018" classname=".YourService put"/>
  <testcase name="YourService put should handle errors appropriately" time="0.006" classname=".YourService put"/>
  <testcase name="YourService put should handle null response" time="0.006" classname=".YourService put"/>
  <testcase name="YourService put should include custom headers in the request" time="0.005" classname=".YourService put"/>
  <testcase name="PlayoffGameService - Time Formatting should create" time="0.009" classname=".PlayoffGameService - Time Formatting"/>
  <testcase name="PlayoffGameService - Time Formatting should format time with AM/PM format" time="0.03" classname=".PlayoffGameService - Time Formatting"/>
  <testcase name="PlayoffGameService - Time Formatting should convert AM/PM time to 24-hour format" time="0.003" classname=".PlayoffGameService - Time Formatting"/>
  <testcase name="PlayoffGameService - Time Formatting should normalize API playoff game with AM/PM time" time="0.005" classname=".PlayoffGameService - Time Formatting"/>
  <testcase name="AppFeatureFlagDirective creates embedded view when flag enabled" time="0.004" classname=".AppFeatureFlagDirective"/>
  <testcase name="AppFeatureFlagDirective does not create embedded view when flag disabled" time="0.002" classname=".AppFeatureFlagDirective"/>
  <testcase name="adminGuard allows when adminModule flag enabled" time="0.002" classname=".adminGuard"/>
  <testcase name="adminGuard blocks when adminModule flag disabled" time="0.004" classname=".adminGuard"/>
  <testcase name="NoticeTypesService should be created" time="0.006" classname=".NoticeTypesService"/>
  <testcase name="AdminGamesPlayoffsDetail - Date/Time Pickers should create" time="0.236" classname=".AdminGamesPlayoffsDetail - Date/Time Pickers"/>
  <testcase name="AdminGamesPlayoffsDetail - Date/Time Pickers should have form controls for gameDate and gameTime as Date objects" time="0.077" classname=".AdminGamesPlayoffsDetail - Date/Time Pickers"/>
  <testcase name="AdminGamesPlayoffsDetail - Date/Time Pickers should set Date objects in form when editing existing record" time="0.078" classname=".AdminGamesPlayoffsDetail - Date/Time Pickers"/>
  <testcase name="AdminGamesPlayoffsDetail - Date/Time Pickers should combine date and time when saving" time="0.063" classname=".AdminGamesPlayoffsDetail - Date/Time Pickers"/>
  <testcase name="AdminGamesPlayoffsDetail - Date/Time Pickers should have isFormDirty method for PendingChangesGuard" time="0.04" classname=".AdminGamesPlayoffsDetail - Date/Time Pickers"/>
  <testcase name="PeopleAlphabet should highlight selected letter" time="0.025" classname=".PeopleAlphabet"/>
  <testcase name="PeopleAlphabet should default to A on clear" time="0.01" classname=".PeopleAlphabet"/>
  <testcase name="PeopleAlphabet should update criteria in PeopleService when letter is selected" time="0.009" classname=".PeopleAlphabet"/>
  <testcase name="AdminSeasonDetail should create" time="0.091" classname=".AdminSeasonDetail"/>
  <testcase name="PlayerHistory should create" time="0.009" classname=".PlayerHistory"/>
  <testcase name="PlayerBalance should create" time="0.021" classname=".PlayerBalance"/>
  <testcase name="Login Component navigates to returnUrl on successful login" time="0.09" classname=".Login Component"/>
  <testcase name="Login Component toggles hidePassword state" time="0.016" classname=".Login Component"/>
  <testcase name="SectionTitle should create" time="0.004" classname=".SectionTitle"/>
  <testcase name="ShellTitle should create" time="0.006" classname=".ShellTitle"/>
  <system-out>
    <![CDATA[Chrome 140.0.0.0 (Windows 10) DEBUG: '[DEBUG]', 'PUT url:', 'api/test'
,Chrome 140.0.0.0 (Windows 10) DEBUG: '[DEBUG]', 'PUT data:', Object{id: 1, name: 'Test'}
,Chrome 140.0.0.0 (Windows 10) DEBUG: '[DEBUG]', 'PUT url:', 'api/test'
,Chrome 140.0.0.0 (Windows 10) DEBUG: '[DEBUG]', 'PUT data:', Object{id: 1, name: 'Test'}
,Chrome 140.0.0.0 (Windows 10) DEBUG: '[DEBUG]', 'PUT url:', 'api/test'
,Chrome 140.0.0.0 (Windows 10) DEBUG: '[DEBUG]', 'PUT data:', Object{id: 1, name: 'Test'}
,Chrome 140.0.0.0 (Windows 10) DEBUG: '[DEBUG]', 'PUT url:', 'api/test'
,Chrome 140.0.0.0 (Windows 10) DEBUG: '[DEBUG]', 'PUT data:', Object{id: 1, name: 'Test'}
,Chrome 140.0.0.0 (Windows 10) LOG: 'Selected letter:', 'B'
,Chrome 140.0.0.0 (Windows 10) LOG: 'Selected letter:', 'C'
,Chrome 140.0.0.0 (Windows 10) LOG: 'Selected letter:', 'A'
,Chrome 140.0.0.0 (Windows 10) LOG: 'Selected letter:', 'D'
,Chrome 140.0.0.0 (Windows 10) LOG: undefined

]]>
  </system-out>
  <system-err/>
</testsuite>